2022-04-11 18:23:42,871  INFO StudentService:23 - ...........系统初始化中loading............
2022-04-11 18:23:42,997  INFO StudentService:25 - ...........系统初始化完成............
2022-04-11 18:23:43,000  INFO StudentService:50 - 接收到客户端查看请求
2022-04-11 18:23:43,004  INFO StudentService:56 - 集合中学生个数为:5
2022-04-11 18:24:18,626  INFO StudentService:93 - 接收到客户端IdisExist请求
2022-04-11 18:24:18,627  INFO StudentService:104 - 接收到客户端IdisExist请求123 false
2022-04-11 18:24:21,228  INFO StudentService:27 - 接受到客户端添加学生请求,学生为:123,123,18,123
2022-04-11 18:24:21,230  INFO StudentService:36 - 添加结果为:true
2022-04-11 18:24:58,697  INFO StudentService:67 - 接收到删除请求,id为:123
2022-04-11 18:24:58,700  INFO StudentService:73 - 删除结果为:true
2022-04-11 18:30:57,538  INFO StudentService:50 - 接收到客户端查看请求
2022-04-11 18:30:57,538  INFO StudentService:56 - 集合中学生个数为:5
2022-04-11 18:31:05,595  INFO StudentService:50 - 接收到客户端查看请求
2022-04-11 18:31:05,596  INFO StudentService:56 - 集合中学生个数为:5
2022-04-11 18:31:11,575  INFO StudentService:50 - 接收到客户端查看请求
2022-04-11 18:31:11,576  INFO StudentService:56 - 集合中学生个数为:5
2022-04-11 18:31:12,165  INFO StudentService:50 - 接收到客户端查看请求
2022-04-11 18:31:12,166  INFO StudentService:56 - 集合中学生个数为:5
2022-04-11 18:31:12,676  INFO StudentService:50 - 接收到客户端查看请求
2022-04-11 18:31:12,677  INFO StudentService:56 - 集合中学生个数为:5
2022-04-11 18:31:13,685  INFO StudentService:50 - 接收到客户端查看请求
2022-04-11 18:31:13,686  INFO StudentService:56 - 集合中学生个数为:5
2022-04-12 09:56:49,979  INFO StudentService:23 - ...........系统初始化中loading............
2022-04-12 09:56:50,103  INFO StudentService:25 - ...........系统初始化完成............
2022-04-12 09:56:50,112  INFO StudentService:51 - 接收到客户端查看请求
2022-04-12 09:56:50,115  INFO StudentService:57 - 集合中学生个数为:5
2022-04-12 09:57:14,178  INFO StudentService:68 - 接收到删除请求,id为:heima006
2022-04-12 09:57:14,182  INFO StudentService:74 - 删除结果为:true
2022-04-12 09:57:16,138  INFO StudentService:51 - 接收到客户端查看请求
2022-04-12 09:57:16,139  INFO StudentService:57 - 集合中学生个数为:4
2022-04-12 09:57:22,245  INFO StudentService:51 - 接收到客户端查看请求
2022-04-12 09:57:22,246  INFO StudentService:57 - 集合中学生个数为:4
